<?xml version="1.0" encoding="UTF-8" ?>
<testsuite tests="6" failures="0" name="com.gridnine.testing.FilterByBeforeCurrentTimeTest" time="0.163" errors="0" skipped="0">
  <properties>
[...]
</properties>
  <testcase classname="com.gridnine.testing.FilterByBeforeCurrentTimeTest" name="testFilterByBeforeCurrentTime_0Elements" time="0.003"/>
  <testcase classname="com.gridnine.testing.FilterByBeforeCurrentTimeTest" name="testFilterByBeforeCurrentTime_removeFlightTriggersIf" time="0.015"/>
  <testcase classname="com.gridnine.testing.FilterByBeforeCurrentTimeTest" name="filterByBeforeCurrentTime_null" time="0"/>
  <testcase classname="com.gridnine.testing.FilterByBeforeCurrentTimeTest" name="testFilterByBeforeCurrentTime_defaultReturn" time="0"/>
  <testcase classname="com.gridnine.testing.FilterByBeforeCurrentTimeTest" name="testFilterByBeforeCurrentTime_If" time="0.001"/>
  <testcase classname="com.gridnine.testing.FilterByBeforeCurrentTimeTest" name="testFilterByBeforeCurrentTime_IfOnLastEl" time="0.144"/>
</testsuite>